<?xml version="1.0" encoding="UTF-8"?>
<testsuites>
  <testsuite name="" tests="1" assertions="1" errors="0" failures="0" skipped="0" time="0.044220">
    <testsuite name="TimWassenburg Test Suite" tests="1" assertions="1" errors="0" failures="0" skipped="0" time="0.044220">
      <testsuite name="P\Tests\ServiceGeneratorTest" file="/Users/tim/projects/packages/packages/timwassenburg/service-generator/vendor/pestphp/pest/src/Factories/TestCaseFactory.php(196) : eval()'d code" tests="1" assertions="1" errors="0" failures="0" skipped="0" time="0.044220">
        <testcase name="__pest_evaluable_it_can_execute_make_service_command" file="/Users/tim/projects/packages/packages/timwassenburg/service-generator/vendor/pestphp/pest/src/Factories/TestCaseFactory.php(196) : eval()'d code" line="22" class="P\Tests\ServiceGeneratorTest" classname="P.Tests.ServiceGeneratorTest" assertions="1" time="0.044220"/>
      </testsuite>
    </testsuite>
  </testsuite>
</testsuites>
